-------------------------------------------------------------------------------
Test set: chee.spring.smsui.SmsUiApplicationTests
-------------------------------------------------------------------------------
Tests run: 1, Failures: 0, Errors: 1, Skipped: 0, Time elapsed: 4.236 s <<< FAILURE! - in chee.spring.smsui.SmsUiApplicationTests
contextLoads(chee.spring.smsui.SmsUiApplicationTests)  Time elapsed: 0.002 s  <<< ERROR!
java.lang.IllegalStateException: Failed to load ApplicationContext
Caused by: org.springframework.beans.factory.BeanCreationException: 
Error creating bean with name 'requestMappingHandlerMapping' defined in class path resource [org/springframework/boot/autoconfigure/web/servlet/WebMvcAutoConfiguration$EnableWebMvcConfiguration.class]: Invocation of init method failed; nested exception is java.lang.IllegalStateException: Ambiguous mapping. Cannot map 'UIController' method 
public java.lang.String chee.spring.smsui.controller.UIController.loadDetails()
to { /student_details}: There is already 'UIController' bean method
public java.lang.String chee.spring.smsui.controller.UIController.loadProfiles(org.springframework.ui.Model) mapped.
Caused by: java.lang.IllegalStateException: 
Ambiguous mapping. Cannot map 'UIController' method 
public java.lang.String chee.spring.smsui.controller.UIController.loadDetails()
to { /student_details}: There is already 'UIController' bean method
public java.lang.String chee.spring.smsui.controller.UIController.loadProfiles(org.springframework.ui.Model) mapped.

